{
  "RSpec": {
    "coverage": {
      "/Users/mattstensby/Desktop/SELTREPOSITORY/final_project/projectdirectory-selt_2024_team_008/app/models/user.rb": {
        "lines": [
          null,
          null,
          1,
          null,
          null,
          1,
          null,
          null,
          null,
          null,
          null,
          1,
          1,
          null,
          1,
          1,
          1,
          null,
          1,
          1,
          null,
          1,
          1,
          1,
          null,
          1,
          1,
          null,
          1,
          null,
          1,
          1,
          1,
          null,
          1,
          1,
          null,
          1,
          206,
          206,
          null,
          206,
          206,
          null,
          0,
          null,
          null,
          206,
          null,
          null,
          null,
          null,
          1,
          3,
          3,
          2,
          null,
          null,
          1,
          null,
          null,
          null,
          1,
          3,
          null,
          2,
          1,
          1,
          1,
          null,
          null,
          null,
          1,
          3,
          null,
          null,
          1,
          null,
          1,
          206,
          null,
          null,
          1,
          206,
          206,
          206,
          103,
          103,
          103,
          103,
          null,
          103,
          null,
          null,
          null,
          null,
          1,
          136,
          null,
          null,
          1,
          8,
          null,
          null,
          1,
          4,
          4,
          4,
          4,
          4,
          2,
          null,
          2,
          1,
          null,
          null,
          null,
          null,
          null,
          1,
          null,
          null,
          null,
          null,
          4,
          4,
          4,
          2,
          null,
          2,
          null,
          null,
          null,
          4,
          null,
          4,
          null,
          null
        ]
      },
      "/Users/mattstensby/Desktop/SELTREPOSITORY/final_project/projectdirectory-selt_2024_team_008/app/models/application_record.rb": {
        "lines": [
          null,
          null,
          1,
          1,
          null
        ]
      },
      "/Users/mattstensby/Desktop/SELTREPOSITORY/final_project/projectdirectory-selt_2024_team_008/app/models/server.rb": {
        "lines": [
          null,
          null,
          1,
          1,
          1,
          null,
          1,
          1,
          1,
          null,
          1,
          1,
          null,
          1,
          1,
          null,
          1,
          null,
          1,
          3,
          null,
          2,
          2,
          2,
          null,
          null,
          1,
          8,
          null,
          8,
          1,
          1,
          null,
          null,
          7,
          null,
          7,
          6,
          6,
          6,
          5,
          5,
          null,
          1,
          null,
          null,
          1,
          1,
          1,
          null,
          null,
          null,
          null,
          null,
          7,
          null,
          7,
          7,
          null,
          null,
          1,
          1,
          null,
          null,
          1,
          null,
          1,
          80,
          null,
          80,
          79,
          null,
          1,
          null,
          null,
          1,
          78,
          null,
          null,
          null,
          null,
          null,
          null,
          1,
          4,
          null,
          null,
          4,
          4,
          1,
          3,
          2,
          null,
          1,
          null,
          null,
          null,
          null,
          null,
          null
        ]
      },
      "/Users/mattstensby/Desktop/SELTREPOSITORY/final_project/projectdirectory-selt_2024_team_008/app/helpers/application_helper.rb": {
        "lines": [
          null,
          null,
          null,
          null,
          1,
          null
        ]
      },
      "/Users/mattstensby/Desktop/SELTREPOSITORY/final_project/projectdirectory-selt_2024_team_008/app/helpers/character_creation_helper.rb": {
        "lines": [
          1,
          null
        ]
      },
      "/Users/mattstensby/Desktop/SELTREPOSITORY/final_project/projectdirectory-selt_2024_team_008/app/helpers/errors_helper.rb": {
        "lines": [
          1,
          null
        ]
      },
      "/Users/mattstensby/Desktop/SELTREPOSITORY/final_project/projectdirectory-selt_2024_team_008/app/helpers/inventory_helper.rb": {
        "lines": [
          1,
          null
        ]
      },
      "/Users/mattstensby/Desktop/SELTREPOSITORY/final_project/projectdirectory-selt_2024_team_008/app/helpers/leaderboard_helper.rb": {
        "lines": [
          1,
          null
        ]
      },
      "/Users/mattstensby/Desktop/SELTREPOSITORY/final_project/projectdirectory-selt_2024_team_008/app/helpers/math_task_helper.rb": {
        "lines": [
          1,
          null
        ]
      },
      "/Users/mattstensby/Desktop/SELTREPOSITORY/final_project/projectdirectory-selt_2024_team_008/app/helpers/messages_helper.rb": {
        "lines": [
          1,
          null
        ]
      },
      "/Users/mattstensby/Desktop/SELTREPOSITORY/final_project/projectdirectory-selt_2024_team_008/app/helpers/mystery_boxes_helper.rb": {
        "lines": [
          1,
          null
        ]
      },
      "/Users/mattstensby/Desktop/SELTREPOSITORY/final_project/projectdirectory-selt_2024_team_008/app/helpers/npc_task_helper.rb": {
        "lines": [
          1,
          null
        ]
      },
      "/Users/mattstensby/Desktop/SELTREPOSITORY/final_project/projectdirectory-selt_2024_team_008/app/helpers/servers_helper.rb": {
        "lines": [
          1,
          null
        ]
      },
      "/Users/mattstensby/Desktop/SELTREPOSITORY/final_project/projectdirectory-selt_2024_team_008/app/helpers/users/omniauth_callbacks_helper.rb": {
        "lines": [
          1,
          null
        ]
      },
      "/Users/mattstensby/Desktop/SELTREPOSITORY/final_project/projectdirectory-selt_2024_team_008/app/helpers/welcome_helper.rb": {
        "lines": [
          null,
          null,
          1,
          null
        ]
      },
      "/Users/mattstensby/Desktop/SELTREPOSITORY/final_project/projectdirectory-selt_2024_team_008/app/channels/application_cable/connection.rb": {
        "lines": [
          1,
          1,
          1,
          null,
          1,
          3,
          1,
          null,
          null,
          1,
          null,
          1,
          3,
          3,
          1,
          null,
          2,
          null,
          null,
          null,
          null
        ]
      },
      "/Users/mattstensby/Desktop/SELTREPOSITORY/final_project/projectdirectory-selt_2024_team_008/app/channels/game_logic_channel.rb": {
        "lines": [
          1,
          1,
          null,
          1,
          10,
          null,
          10,
          9,
          9,
          null,
          null,
          9,
          null,
          9,
          9,
          null,
          0,
          null,
          null,
          null,
          9,
          9,
          null,
          9,
          null,
          5,
          5,
          5,
          null,
          null,
          null,
          null,
          null,
          0,
          null,
          null,
          null,
          null,
          9,
          null,
          1,
          null,
          null,
          0,
          0,
          null,
          null,
          1,
          2,
          null,
          2,
          2,
          null,
          null,
          null,
          null,
          null,
          1,
          4,
          4,
          null,
          4,
          4,
          4,
          4,
          null,
          3,
          null,
          0,
          0,
          null,
          null,
          null,
          3,
          0,
          null,
          null,
          3,
          3,
          null,
          null,
          3,
          0,
          0,
          null,
          null,
          3,
          null,
          null,
          3,
          3,
          null,
          3,
          3,
          null,
          null,
          3,
          1,
          1,
          null,
          null,
          null,
          2,
          2,
          null,
          null,
          2,
          null,
          null,
          null,
          null,
          null,
          null,
          null,
          null,
          2,
          null,
          null,
          2,
          2,
          2,
          2,
          2,
          null,
          null,
          null,
          2,
          null,
          null,
          null,
          null,
          2,
          2,
          null,
          0,
          null,
          null,
          2,
          null,
          null,
          null,
          2,
          null,
          null,
          null,
          null,
          null,
          null,
          null,
          1,
          null,
          1,
          14,
          14,
          null,
          14,
          14,
          null,
          null,
          14,
          3,
          null,
          null,
          null,
          null,
          11,
          11,
          0,
          0,
          null,
          null,
          null,
          11,
          11,
          0,
          0,
          null,
          null,
          11,
          0,
          0,
          null,
          null,
          11,
          0,
          0,
          null,
          null,
          11,
          null,
          null,
          1,
          9,
          9,
          null,
          9,
          null,
          9,
          null,
          9,
          null,
          null,
          7,
          null,
          null,
          1,
          null,
          3,
          0,
          null,
          3,
          null,
          null,
          null,
          1,
          9,
          900,
          null,
          9,
          null,
          null,
          null,
          null,
          9,
          9,
          null,
          0,
          null,
          null,
          null,
          null,
          9,
          null,
          null,
          null,
          null,
          null,
          null,
          1,
          0,
          0,
          0,
          0,
          null,
          0,
          null,
          null,
          0,
          null,
          null,
          null,
          null,
          null,
          null,
          null,
          null,
          null,
          0,
          null,
          null,
          null,
          null,
          null,
          null,
          null,
          null,
          null,
          null,
          1,
          0,
          null,
          null
        ]
      },
      "/Users/mattstensby/Desktop/SELTREPOSITORY/final_project/projectdirectory-selt_2024_team_008/app/channels/application_cable/channel.rb": {
        "lines": [
          1,
          1,
          null,
          null
        ]
      },
      "/Users/mattstensby/Desktop/SELTREPOSITORY/final_project/projectdirectory-selt_2024_team_008/app/channels/server_channel.rb": {
        "lines": [
          1,
          1,
          11,
          null,
          11,
          9,
          9,
          null,
          null,
          9,
          null,
          null,
          9,
          9,
          null,
          9,
          null,
          null,
          9,
          9,
          null,
          null,
          9,
          null,
          2,
          null,
          null,
          0,
          0,
          null,
          null,
          1,
          4,
          null,
          4,
          4,
          null,
          2,
          null,
          null,
          2,
          2,
          null,
          null,
          1,
          2,
          2,
          null,
          2,
          null,
          2,
          1,
          null,
          1,
          null,
          null,
          null,
          1,
          null,
          1,
          11,
          null,
          null,
          null,
          null,
          null,
          1,
          null,
          1,
          null,
          null,
          null,
          1,
          1,
          null,
          null,
          1,
          25,
          25,
          2,
          2,
          null,
          null,
          23,
          23,
          23,
          null,
          null,
          1,
          9,
          9,
          1,
          1,
          null,
          null,
          null,
          1,
          2,
          2,
          2,
          2,
          null,
          null,
          null,
          1,
          9,
          9,
          11,
          null,
          null,
          null
        ]
      },
      "/Users/mattstensby/Desktop/SELTREPOSITORY/final_project/projectdirectory-selt_2024_team_008/app/controllers/cards_controller.rb": {
        "lines": [
          1,
          1,
          1,
          null,
          1,
          1,
          null,
          null,
          1,
          2,
          2,
          1,
          1,
          1,
          null,
          1,
          1,
          1,
          null,
          null,
          null,
          1,
          null,
          1,
          3,
          3,
          0,
          null,
          null,
          null,
          1,
          2,
          null,
          null
        ]
      },
      "/Users/mattstensby/Desktop/SELTREPOSITORY/final_project/projectdirectory-selt_2024_team_008/app/controllers/application_controller.rb": {
        "lines": [
          null,
          null,
          null,
          null,
          1,
          null,
          null,
          1,
          null,
          null,
          1,
          1,
          1,
          null,
          1,
          null,
          null,
          1,
          0,
          0,
          0,
          null,
          null,
          null,
          1,
          null,
          0,
          null,
          null,
          1,
          0,
          null,
          null,
          1,
          0,
          0,
          null,
          0,
          null,
          null,
          null,
          1,
          null,
          1,
          24,
          24,
          null,
          null,
          null,
          null
        ]
      },
      "/Users/mattstensby/Desktop/SELTREPOSITORY/final_project/projectdirectory-selt_2024_team_008/app/controllers/games_controller.rb": {
        "lines": [
          null,
          null,
          1,
          1,
          1,
          null,
          1,
          null,
          1,
          0,
          null,
          null,
          1,
          0,
          null,
          0,
          null,
          null,
          null,
          null,
          0,
          null,
          null,
          null,
          null,
          null,
          0,
          null,
          null,
          0,
          0,
          0,
          null,
          null,
          0,
          null,
          null,
          null,
          0,
          0,
          0,
          null,
          null,
          null,
          null,
          null,
          0,
          null,
          null,
          0,
          null,
          null,
          null,
          0,
          0,
          null,
          null,
          1,
          0,
          0,
          0,
          0,
          null,
          0,
          null,
          null,
          0,
          null,
          null,
          null,
          null,
          1,
          1,
          null,
          1,
          null,
          100,
          null,
          0,
          null,
          null,
          null,
          null,
          0,
          null,
          null,
          null,
          null,
          null,
          null,
          1,
          2,
          null,
          2,
          null,
          null,
          2,
          2,
          2,
          null,
          2,
          2,
          null,
          2,
          0,
          2,
          2,
          null,
          0,
          null,
          null,
          null,
          1,
          null,
          1,
          5,
          null,
          5,
          2,
          2,
          4,
          null,
          2,
          null,
          3,
          3,
          null,
          null,
          1,
          0,
          null,
          null,
          null
        ]
      },
      "/Users/mattstensby/Desktop/SELTREPOSITORY/final_project/projectdirectory-selt_2024_team_008/app/controllers/npc_task_controller.rb": {
        "lines": [
          1,
          1,
          0,
          0,
          null,
          null,
          1,
          5,
          null,
          5,
          2,
          2,
          null,
          2,
          2,
          null,
          null,
          null,
          null,
          null,
          null,
          null,
          null,
          null,
          2,
          null,
          2,
          2,
          2,
          2,
          2,
          null,
          0,
          null,
          null,
          3,
          3,
          null,
          3,
          1,
          1,
          null,
          null,
          2,
          2,
          null,
          null,
          null,
          null,
          null,
          null,
          null,
          null,
          null,
          null,
          2,
          null,
          2,
          1,
          1,
          1,
          1,
          1,
          null,
          1,
          1,
          1,
          1,
          1,
          null,
          null,
          null,
          0,
          0,
          null,
          0,
          0,
          null,
          null,
          null,
          null,
          null,
          null
        ]
      },
      "/Users/mattstensby/Desktop/SELTREPOSITORY/final_project/projectdirectory-selt_2024_team_008/app/controllers/shard_accounts_controller.rb": {
        "lines": [
          1,
          1,
          1,
          null,
          1,
          null,
          null,
          null,
          1,
          2,
          2,
          null,
          null,
          null,
          2,
          1,
          null,
          1,
          null,
          null,
          1,
          null,
          null,
          null,
          0,
          null,
          null,
          null,
          1,
          2,
          1,
          null,
          null,
          1,
          1,
          null,
          1,
          null,
          1,
          null,
          1,
          1,
          1,
          1,
          null,
          1,
          1,
          1,
          null,
          0,
          0,
          null,
          null,
          0,
          0,
          null,
          0,
          0,
          null,
          null,
          null,
          0,
          0,
          null,
          0,
          0,
          null,
          null,
          null,
          null,
          null,
          1,
          0,
          0,
          0,
          null,
          null,
          1,
          2,
          2,
          1,
          1,
          null,
          1,
          null,
          1,
          null,
          2,
          null,
          null,
          1,
          0,
          null,
          null,
          1,
          null,
          2,
          null,
          null,
          null,
          null
        ]
      },
      "/Users/mattstensby/Desktop/SELTREPOSITORY/final_project/projectdirectory-selt_2024_team_008/app/controllers/tic_tac_toe_controller.rb": {
        "lines": [
          1,
          1,
          null,
          1,
          null,
          1,
          0,
          0,
          null,
          null,
          1,
          5,
          null,
          5,
          5,
          null,
          null,
          50,
          5,
          null,
          5,
          5,
          null,
          5,
          4,
          2,
          null,
          2,
          2,
          1,
          null,
          2,
          null,
          null,
          4,
          null,
          null,
          null,
          null,
          null,
          null,
          1,
          1,
          null,
          null,
          1,
          4,
          null,
          0,
          null,
          null,
          4,
          null,
          4,
          1,
          1,
          3,
          1,
          1,
          null,
          2,
          2,
          null,
          4,
          null,
          null,
          1,
          10,
          1,
          null,
          1,
          1,
          0,
          null,
          null,
          1,
          1,
          0,
          1,
          0,
          null,
          1,
          null,
          null,
          null,
          1,
          4,
          null,
          null,
          1,
          null,
          5,
          null,
          null,
          null,
          null,
          91,
          null,
          null,
          1,
          3,
          1,
          2,
          1,
          null,
          null,
          null
        ]
      },
      "/Users/mattstensby/Desktop/SELTREPOSITORY/final_project/projectdirectory-selt_2024_team_008/app/models/avatar.rb": {
        "lines": [
          1,
          1,
          1,
          1,
          1,
          1,
          1,
          null,
          1,
          0,
          0,
          null,
          null,
          1,
          0,
          null,
          null,
          1,
          0,
          null,
          null
        ]
      },
      "/Users/mattstensby/Desktop/SELTREPOSITORY/final_project/projectdirectory-selt_2024_team_008/app/models/card.rb": {
        "lines": [
          1,
          1,
          null,
          1,
          1,
          1,
          1,
          null,
          1,
          null,
          1,
          null,
          1,
          null,
          1,
          9,
          null,
          8,
          7,
          1,
          null,
          1,
          1,
          null,
          null,
          null,
          null,
          null
        ]
      },
      "/Users/mattstensby/Desktop/SELTREPOSITORY/final_project/projectdirectory-selt_2024_team_008/app/models/game.rb": {
        "lines": [
          1,
          1,
          null,
          1,
          null,
          1,
          1,
          1,
          null,
          1,
          null,
          1,
          69,
          69,
          null,
          35,
          null,
          1,
          1,
          null,
          null,
          1,
          20,
          20,
          null,
          null,
          15,
          15,
          15,
          15,
          null,
          null,
          null,
          1,
          0,
          0,
          null,
          0,
          null,
          0,
          null,
          null,
          0,
          null,
          null,
          null,
          null,
          null,
          null,
          null,
          null,
          1,
          29,
          29,
          null,
          null,
          null,
          1,
          2,
          2,
          null,
          null,
          1,
          5,
          5,
          null,
          5,
          null,
          null,
          null,
          0,
          null,
          null,
          0,
          0,
          null,
          null,
          null,
          null,
          1,
          null,
          1,
          0,
          null,
          null,
          1,
          34,
          null,
          null,
          1,
          34,
          34,
          null,
          34,
          340,
          3400,
          null,
          null,
          null,
          null,
          null,
          null,
          null,
          null,
          null,
          null,
          null,
          null,
          null
        ]
      },
      "/Users/mattstensby/Desktop/SELTREPOSITORY/final_project/projectdirectory-selt_2024_team_008/app/models/membership.rb": {
        "lines": [
          null,
          null,
          1,
          1,
          1,
          1,
          null,
          null,
          1,
          null,
          null,
          null,
          null,
          null,
          1,
          1,
          1,
          null,
          1,
          null,
          1,
          null,
          1,
          103,
          4,
          null,
          null,
          null
        ]
      },
      "/Users/mattstensby/Desktop/SELTREPOSITORY/final_project/projectdirectory-selt_2024_team_008/app/models/shard_account.rb": {
        "lines": [
          1,
          1,
          null,
          1,
          1,
          null,
          null,
          1,
          null,
          1,
          null,
          1,
          0,
          null,
          null,
          null,
          1,
          6,
          null,
          4,
          3,
          null,
          1,
          null,
          4,
          null,
          null,
          1,
          1,
          null,
          null,
          1,
          1,
          null,
          null,
          1,
          2,
          null,
          null,
          1,
          null,
          1,
          6,
          6,
          null,
          null,
          0,
          0,
          0,
          null,
          0,
          null,
          null,
          null,
          6,
          5,
          null,
          null
        ]
      },
      "/Users/mattstensby/Desktop/SELTREPOSITORY/final_project/projectdirectory-selt_2024_team_008/app/models/item.rb": {
        "lines": [
          1,
          1,
          1,
          null,
          1,
          null,
          null
        ]
      },
      "/Users/mattstensby/Desktop/SELTREPOSITORY/final_project/projectdirectory-selt_2024_team_008/app/models/user_item.rb": {
        "lines": [
          1,
          1,
          1,
          null
        ]
      },
      "/Users/mattstensby/Desktop/SELTREPOSITORY/final_project/projectdirectory-selt_2024_team_008/app/models/tile.rb": {
        "lines": [
          1,
          1,
          1,
          null,
          1,
          null,
          1,
          1,
          null,
          null,
          null,
          1,
          0,
          0,
          null,
          0,
          null,
          null,
          null,
          null
        ]
      },
      "/Users/mattstensby/Desktop/SELTREPOSITORY/final_project/projectdirectory-selt_2024_team_008/app/models/message.rb": {
        "lines": [
          null,
          null,
          1,
          1,
          1,
          null,
          1,
          null
        ]
      },
      "/Users/mattstensby/Desktop/SELTREPOSITORY/final_project/projectdirectory-selt_2024_team_008/app/models/shop_item.rb": {
        "lines": [
          1,
          null
        ]
      },
      "/Users/mattstensby/Desktop/SELTREPOSITORY/final_project/projectdirectory-selt_2024_team_008/app/constraints/role_route_constraint.rb": {
        "lines": [
          0,
          0,
          0,
          0,
          null,
          0,
          0,
          0,
          0,
          null,
          0,
          null,
          0,
          0,
          0,
          0
        ],
        "branches": {}
      },
      "/Users/mattstensby/Desktop/SELTREPOSITORY/final_project/projectdirectory-selt_2024_team_008/app/controllers/character_creation_controller.rb": {
        "lines": [
          0,
          0,
          0,
          0,
          0,
          0,
          null,
          0,
          0,
          0,
          null,
          0,
          0,
          0,
          0,
          0,
          0,
          0,
          0,
          0,
          0,
          0,
          0,
          null,
          0,
          0,
          null,
          0,
          0,
          0,
          null,
          0,
          0,
          0,
          0,
          0,
          0,
          0,
          null,
          0,
          0,
          null,
          0,
          0,
          null,
          0,
          0,
          null,
          0,
          0,
          0,
          0,
          0,
          0,
          null,
          0,
          null,
          0,
          0,
          0,
          0,
          0,
          0,
          null,
          null,
          0,
          null,
          0,
          0,
          0,
          0,
          0,
          0,
          0,
          null,
          0,
          null,
          0,
          0,
          0,
          0,
          0,
          0,
          0
        ],
        "branches": {}
      },
      "/Users/mattstensby/Desktop/SELTREPOSITORY/final_project/projectdirectory-selt_2024_team_008/app/controllers/errors_controller.rb": {
        "lines": [
          null,
          null,
          0,
          0,
          null,
          0,
          0,
          0,
          0,
          0,
          0,
          0,
          0
        ],
        "branches": {}
      },
      "/Users/mattstensby/Desktop/SELTREPOSITORY/final_project/projectdirectory-selt_2024_team_008/app/controllers/instructions_controller.rb": {
        "lines": [
          0,
          0,
          null,
          0,
          0,
          0,
          0
        ],
        "branches": {}
      },
      "/Users/mattstensby/Desktop/SELTREPOSITORY/final_project/projectdirectory-selt_2024_team_008/app/controllers/inventory_controller.rb": {
        "lines": [
          0,
          0,
          0,
          0,
          0,
          0,
          0
        ],
        "branches": {}
      },
      "/Users/mattstensby/Desktop/SELTREPOSITORY/final_project/projectdirectory-selt_2024_team_008/app/controllers/leaderboard_controller.rb": {
        "lines": [
          0,
          0,
          0,
          0,
          0,
          0,
          0
        ],
        "branches": {}
      },
      "/Users/mattstensby/Desktop/SELTREPOSITORY/final_project/projectdirectory-selt_2024_team_008/app/controllers/main_menu_controller.rb": {
        "lines": [
          null,
          null,
          0,
          0,
          null,
          0,
          null,
          0,
          null,
          0,
          null,
          0,
          0,
          0,
          0,
          0,
          null,
          0,
          0,
          0,
          null,
          0,
          0,
          0,
          0
        ],
        "branches": {}
      },
      "/Users/mattstensby/Desktop/SELTREPOSITORY/final_project/projectdirectory-selt_2024_team_008/app/controllers/math_task_controller.rb": {
        "lines": [
          0,
          0,
          0,
          0,
          0,
          null,
          0,
          null,
          0,
          0,
          0,
          null,
          0,
          0,
          0,
          0,
          0,
          0,
          0,
          null,
          null,
          0,
          0,
          0,
          0,
          0,
          null,
          0,
          0,
          0,
          0,
          0,
          null,
          0,
          0,
          0,
          null,
          0,
          0,
          0,
          0,
          0,
          0,
          0,
          0,
          0,
          0,
          0,
          0,
          0,
          0,
          0,
          0,
          0,
          0,
          0,
          0
        ],
        "branches": {}
      },
      "/Users/mattstensby/Desktop/SELTREPOSITORY/final_project/projectdirectory-selt_2024_team_008/app/controllers/memberships_controller.rb": {
        "lines": [
          0,
          0,
          null,
          null,
          0,
          0,
          0,
          null,
          0,
          0,
          0,
          0,
          0,
          0,
          null,
          null,
          0,
          0,
          null,
          0,
          0,
          0,
          0,
          0,
          0,
          null,
          null,
          0,
          0,
          0,
          null,
          0,
          0,
          0,
          0,
          0,
          0,
          null,
          null,
          0,
          0,
          null,
          0,
          0,
          0,
          0,
          0,
          0,
          0
        ],
        "branches": {}
      },
      "/Users/mattstensby/Desktop/SELTREPOSITORY/final_project/projectdirectory-selt_2024_team_008/app/controllers/messages_controller.rb": {
        "lines": [
          0,
          0,
          0,
          0,
          null,
          0,
          0,
          0,
          null,
          0,
          0,
          0,
          0,
          0,
          0,
          0,
          0,
          0,
          0,
          0,
          0,
          null,
          0,
          null,
          0,
          0,
          0,
          null,
          0,
          0,
          0,
          0,
          0,
          0,
          0,
          0,
          0,
          0,
          0,
          0,
          null,
          0,
          null,
          0,
          0,
          0,
          null,
          0,
          0,
          0,
          null,
          0
        ],
        "branches": {}
      },
      "/Users/mattstensby/Desktop/SELTREPOSITORY/final_project/projectdirectory-selt_2024_team_008/app/controllers/mystery_boxes_controller.rb": {
        "lines": [
          0,
          0,
          null,
          0,
          null,
          0,
          0,
          0,
          null,
          0,
          null,
          0,
          null,
          0,
          0,
          null,
          0,
          null,
          0,
          0,
          0,
          0,
          null,
          0,
          0,
          0,
          0,
          0,
          null,
          0,
          0,
          0,
          null,
          0,
          0,
          null,
          0,
          0,
          null,
          0,
          null,
          null,
          0,
          0,
          0,
          0,
          null,
          0,
          0,
          0,
          0,
          0,
          0,
          0,
          0,
          0,
          0,
          0,
          0,
          0
        ],
        "branches": {}
      },
      "/Users/mattstensby/Desktop/SELTREPOSITORY/final_project/projectdirectory-selt_2024_team_008/app/controllers/servers_controller.rb": {
        "lines": [
          0,
          0,
          null,
          0,
          null,
          0,
          0,
          0,
          0,
          0,
          0,
          0,
          null,
          0,
          0,
          0,
          0,
          0,
          0,
          0,
          0,
          null,
          0,
          0,
          0,
          0,
          null,
          0,
          0,
          null,
          0,
          0,
          null,
          0,
          null,
          0,
          0,
          null,
          0,
          0,
          0,
          0,
          0,
          0,
          0,
          0,
          0,
          null,
          0,
          0,
          null,
          0,
          0,
          null,
          0,
          null,
          0,
          0,
          0,
          null,
          0,
          0,
          0,
          0
        ],
        "branches": {}
      },
      "/Users/mattstensby/Desktop/SELTREPOSITORY/final_project/projectdirectory-selt_2024_team_008/app/controllers/shop_controller.rb": {
        "lines": [
          0,
          0,
          0,
          0,
          null,
          0,
          0,
          0,
          0
        ],
        "branches": {}
      },
      "/Users/mattstensby/Desktop/SELTREPOSITORY/final_project/projectdirectory-selt_2024_team_008/app/controllers/users/omniauth_callbacks_controller.rb": {
        "lines": [
          0,
          0,
          0,
          null,
          0,
          0,
          0,
          0,
          0,
          0,
          0,
          0,
          null,
          0,
          0,
          0,
          0
        ],
        "branches": {}
      },
      "/Users/mattstensby/Desktop/SELTREPOSITORY/final_project/projectdirectory-selt_2024_team_008/app/controllers/welcome_controller.rb": {
        "lines": [
          null,
          null,
          0,
          0,
          0,
          null
        ],
        "branches": {}
      }
    },
    "timestamp": 1734226903
  }
}
