{
  "RSpec": {
    "coverage": {
      "/mnt/c/Users/jarki/Desktop/SELT/projectdirectory-selt_2024_team_008/app/models/user.rb": {
        "lines": [
          null,
          null,
          1,
          null,
          null,
          1,
          null,
          null,
          null,
          1,
          null,
          1,
          1,
          null,
          null,
          1,
          1,
          1,
          1,
          null,
          1,
          1,
          1,
          null,
          null,
          1,
          1,
          null,
          null,
          1,
          8,
          8,
          7,
          null,
          null,
          1,
          null,
          null,
          null,
          1,
          3,
          null,
          null,
          1,
          null,
          1,
          60,
          null,
          null,
          1,
          60,
          60,
          60,
          60,
          60,
          60,
          null,
          null
        ]
      },
      "/mnt/c/Users/jarki/Desktop/SELT/projectdirectory-selt_2024_team_008/app/models/application_record.rb": {
        "lines": [
          null,
          null,
          1,
          1,
          null
        ]
      },
      "/mnt/c/Users/jarki/Desktop/SELT/projectdirectory-selt_2024_team_008/app/models/server.rb": {
        "lines": [
          null,
          null,
          1,
          1,
          1,
          1,
          1,
          null,
          1,
          null,
          1,
          null,
          1,
          9,
          9,
          9,
          9,
          null,
          null,
          1,
          4,
          4,
          2,
          2,
          null,
          2,
          null,
          null,
          null,
          1,
          null,
          1,
          23,
          23,
          22,
          null,
          null,
          1,
          null,
          null,
          null
        ]
      },
      "/mnt/c/Users/jarki/Desktop/SELT/projectdirectory-selt_2024_team_008/app/helpers/application_helper.rb": {
        "lines": [
          null,
          null,
          null,
          null,
          1,
          null
        ]
      },
      "/mnt/c/Users/jarki/Desktop/SELT/projectdirectory-selt_2024_team_008/app/helpers/messages_helper.rb": {
        "lines": [
          1,
          null
        ]
      },
      "/mnt/c/Users/jarki/Desktop/SELT/projectdirectory-selt_2024_team_008/app/helpers/mystery_boxes_helper.rb": {
        "lines": [
          1,
          null
        ]
      },
      "/mnt/c/Users/jarki/Desktop/SELT/projectdirectory-selt_2024_team_008/app/helpers/servers_helper.rb": {
        "lines": [
          1,
          null
        ]
      },
      "/mnt/c/Users/jarki/Desktop/SELT/projectdirectory-selt_2024_team_008/app/helpers/welcome_helper.rb": {
        "lines": [
          null,
          null,
          1,
          null
        ]
      },
      "/mnt/c/Users/jarki/Desktop/SELT/projectdirectory-selt_2024_team_008/app/channels/application_cable/connection.rb": {
        "lines": [
          1,
          1,
          1,
          null,
          1,
          3,
          1,
          null,
          null,
          1,
          null,
          1,
          3,
          3,
          1,
          null,
          2,
          null,
          null,
          null,
          null
        ]
      },
      "/mnt/c/Users/jarki/Desktop/SELT/projectdirectory-selt_2024_team_008/app/channels/server_channel.rb": {
        "lines": [
          1,
          null,
          1,
          9,
          null,
          9,
          7,
          1,
          1,
          null,
          7,
          null,
          7,
          7,
          null,
          null,
          7,
          7,
          1,
          1,
          null,
          null,
          1,
          null,
          null,
          null,
          null,
          null,
          1,
          null,
          null,
          1,
          1,
          null,
          null,
          null,
          2,
          null,
          null,
          null,
          1,
          4,
          null,
          4,
          null,
          4,
          2,
          2,
          2,
          2,
          null,
          null,
          2,
          null,
          null,
          null,
          null,
          null,
          2,
          null,
          null,
          null,
          null,
          null,
          1,
          1,
          null,
          1,
          null,
          null,
          null,
          1,
          1,
          null,
          null,
          1,
          7,
          null,
          7,
          2,
          2,
          null,
          null,
          5,
          null,
          5,
          5,
          null,
          null,
          null
        ]
      },
      "/mnt/c/Users/jarki/Desktop/SELT/projectdirectory-selt_2024_team_008/app/channels/application_cable/channel.rb": {
        "lines": [
          1,
          1,
          null,
          null
        ]
      },
      "/mnt/c/Users/jarki/Desktop/SELT/projectdirectory-selt_2024_team_008/app/controllers/shard_accounts_controller.rb": {
        "lines": [
          1,
          1,
          null,
          1,
          null,
          null,
          null,
          1,
          1,
          3,
          3,
          null,
          null,
          null,
          3,
          1,
          null,
          1,
          null,
          null,
          2,
          null,
          null,
          null,
          0,
          null,
          null,
          null,
          1,
          2,
          2,
          null,
          2,
          null,
          2,
          null,
          1,
          1,
          1,
          1,
          null,
          1,
          1,
          1,
          null,
          0,
          0,
          null,
          null,
          0,
          0,
          null,
          0,
          0,
          null,
          null,
          null,
          1,
          1,
          null,
          0,
          0,
          null,
          null,
          null,
          null,
          1,
          2,
          2,
          1,
          1,
          null,
          1,
          null,
          1,
          null,
          2,
          null,
          null,
          1,
          0,
          null,
          null,
          1,
          null,
          2,
          null,
          null,
          null,
          null
        ]
      },
      "/mnt/c/Users/jarki/Desktop/SELT/projectdirectory-selt_2024_team_008/app/controllers/application_controller.rb": {
        "lines": [
          null,
          null,
          null,
          null,
          1,
          null,
          null,
          1,
          null,
          null,
          1,
          1,
          1,
          null,
          1,
          null,
          null,
          1,
          10,
          10,
          10,
          null,
          null,
          null,
          null,
          null,
          null,
          null,
          null,
          1,
          1,
          null,
          null,
          1,
          null,
          1,
          33,
          26,
          null,
          null,
          null,
          null
        ]
      },
      "/mnt/c/Users/jarki/Desktop/SELT/projectdirectory-selt_2024_team_008/app/models/shard_account.rb": {
        "lines": [
          1,
          1,
          null,
          1,
          1,
          null,
          null,
          1,
          null,
          null,
          1,
          null,
          null,
          null,
          null,
          null,
          1,
          0,
          null,
          null,
          null,
          1,
          6,
          null,
          4,
          3,
          null,
          1,
          null,
          4,
          null,
          null,
          3,
          3,
          null,
          null,
          1,
          1,
          null,
          null,
          1,
          4,
          null,
          null,
          1,
          null,
          null,
          null,
          1,
          6,
          0,
          null,
          null,
          6,
          6,
          5,
          null,
          4,
          null,
          null,
          null,
          2,
          2,
          null,
          null
        ]
      },
      "/mnt/c/Users/jarki/Desktop/SELT/projectdirectory-selt_2024_team_008/app/controllers/servers_controller.rb": {
        "lines": [
          1,
          null,
          1,
          1,
          1,
          1,
          1,
          2,
          null,
          null,
          null,
          1,
          2,
          2,
          1,
          null,
          1,
          null,
          null,
          null,
          1,
          3,
          3,
          null,
          null,
          1,
          3,
          null,
          null,
          3,
          1,
          1,
          null,
          null,
          null,
          2,
          1,
          null,
          1,
          null,
          null,
          1,
          4,
          1,
          null,
          null,
          3,
          3,
          null,
          2,
          null,
          2,
          null,
          null,
          null,
          null,
          null,
          null,
          null,
          null,
          2,
          1,
          null,
          1,
          null,
          null,
          2,
          null,
          null,
          null,
          1,
          null,
          1,
          2,
          null,
          null,
          null
        ]
      },
      "/mnt/c/Users/jarki/Desktop/SELT/projectdirectory-selt_2024_team_008/app/models/item.rb": {
        "lines": [
          1,
          1,
          1,
          null,
          1,
          null,
          null
        ]
      },
      "/mnt/c/Users/jarki/Desktop/SELT/projectdirectory-selt_2024_team_008/app/models/user_item.rb": {
        "lines": [
          1,
          1,
          1,
          null
        ]
      },
      "/mnt/c/Users/jarki/Desktop/SELT/projectdirectory-selt_2024_team_008/app/models/membership.rb": {
        "lines": [
          null,
          null,
          1,
          1,
          1,
          null
        ]
      },
      "/mnt/c/Users/jarki/Desktop/SELT/projectdirectory-selt_2024_team_008/app/models/shop_item.rb": {
        "lines": [
          1,
          null
        ]
      },
      "/mnt/c/Users/jarki/Desktop/SELT/projectdirectory-selt_2024_team_008/app/models/message.rb": {
        "lines": [
          null,
          null,
          1,
          1,
          1,
          null,
          1,
          null
        ]
      },
      "/mnt/c/Users/jarki/Desktop/SELT/projectdirectory-selt_2024_team_008/app/controllers/messages_controller.rb": {
        "lines": [
          1,
          1,
          4,
          4,
          null,
          3,
          3,
          3,
          null,
          3,
          2,
          2,
          2,
          null,
          null,
          null,
          2,
          null,
          1,
          1,
          null,
          null,
          null,
          null,
          1,
          null,
          1,
          3,
          null,
          null,
          1,
          2,
          null,
          null,
          null
        ]
      },
      "/mnt/c/Users/jarki/Desktop/SELT/projectdirectory-selt_2024_team_008/app/controllers/main_menu_controller.rb": {
        "lines": [
          null,
          null,
          1,
          1,
          null,
          null,
          null,
          null
        ]
      },
      "/mnt/c/Users/jarki/Desktop/SELT/projectdirectory-selt_2024_team_008/app/controllers/multiplayer_sessions_controller.rb": {
        "lines": [
          null,
          null,
          0,
          0,
          0
        ],
        "branches": {}
      },
      "/mnt/c/Users/jarki/Desktop/SELT/projectdirectory-selt_2024_team_008/app/controllers/mystery_boxes_controller.rb": {
        "lines": [
          0,
          0,
          null,
          0,
          null,
          0,
          0,
          0,
          null,
          0,
          null,
          0,
          null,
          0,
          0,
          null,
          0,
          null,
          0,
          0,
          0,
          0,
          null,
          0,
          0,
          0,
          0,
          0,
          0
        ],
        "branches": {}
      },
      "/mnt/c/Users/jarki/Desktop/SELT/projectdirectory-selt_2024_team_008/app/models/shop_controller.rb": {
        "lines": [
          0,
          0,
          0,
          0,
          null,
          0,
          0,
          0,
          0
        ],
        "branches": {}
      }
    },
    "timestamp": 1732421807
  }
}
